INFO [2024-08-12 22:01:41] Starting Monte Carlo simulation
INFO [2024-08-12 22:01:44] Processing combination: Quadratic_Uniform
INFO [2024-08-12 22:01:44] Processing combination: Linear_Triangular
INFO [2024-08-12 22:01:44] Processing combination: Cubic_Uniform
INFO [2024-08-12 22:01:44] Processing combination: QuadraticMix_Beta
INFO [2024-08-12 22:01:44] Processing sample size: 500
INFO [2024-08-12 22:01:44] Starting replication for combination Quadratic_Uniform with sample size 500
INFO [2024-08-12 22:01:44] Processing sample size: 500
INFO [2024-08-12 22:01:44] Starting replication for combination Linear_Triangular with sample size 500
INFO [2024-08-12 22:01:44] Processing sample size: 500
INFO [2024-08-12 22:01:44] Starting replication for combination Cubic_Uniform with sample size 500
INFO [2024-08-12 22:01:44] Processing sample size: 500
INFO [2024-08-12 22:01:44] Starting replication for combination QuadraticMix_Beta with sample size 500
INFO [2024-08-12 22:01:51] Completed replication for combination QuadraticMix_Beta with sample size 500
INFO [2024-08-12 22:01:51] Completed 1 successful replications for combination QuadraticMix_Beta with sample size 500
INFO [2024-08-12 22:01:51] Completed all sample sizes for combination: QuadraticMix_Beta
INFO [2024-08-12 22:01:59] Completed replication for combination Quadratic_Uniform with sample size 500
INFO [2024-08-12 22:01:59] Completed 1 successful replications for combination Quadratic_Uniform with sample size 500
INFO [2024-08-12 22:01:59] Completed all sample sizes for combination: Quadratic_Uniform
INFO [2024-08-12 22:01:59] Completed replication for combination Cubic_Uniform with sample size 500
INFO [2024-08-12 22:01:59] Completed 1 successful replications for combination Cubic_Uniform with sample size 500
INFO [2024-08-12 22:01:59] Completed all sample sizes for combination: Cubic_Uniform
